<?xml version="1.0" encoding="UTF-8"?>
<!-- Generated by org.testng.reporters.JUnitReportReporter -->
<testsuite hostname="LAPTOP-52NJGNB2" failures="0" tests="2" name="tests.TC001" time="5.293" errors="0" timestamp="2023-07-11T05:03:52 PYT" skipped="0">
  <testcase classname="tests.TC001" name="getTestwithRestAPISite" time="2.338"/>
  <testcase classname="tests.TC001" name="getTest" time="2.955"/>
</testsuite> <!-- tests.TC001 -->
