<?xml version="1.0" encoding="UTF-8"?>
<!-- Generated by org.testng.reporters.JUnitReportReporter -->
<testsuite hostname="LAPTOP-52NJGNB2" failures="0" tests="1" name="tests.SoapXMLRequest" time="5.695" errors="0" timestamp="2023-07-13T01:50:40 PYT" skipped="0">
  <testcase classname="tests.SoapXMLRequest" name="validateSoapXML" time="5.695"/>
</testsuite> <!-- tests.SoapXMLRequest -->
