<?xml version="1.0" encoding="UTF-8"?>
<!-- Generated by org.testng.reporters.JUnitReportReporter -->
<testsuite hostname="LAPTOP-52NJGNB2" failures="0" tests="1" name="tests.JSONSchemaValidator" time="3.727" errors="0" timestamp="2023-07-12T15:17:19 PYT" skipped="0">
  <testcase classname="tests.JSONSchemaValidator" name="testForGET" time="3.727"/>
</testsuite> <!-- tests.JSONSchemaValidator -->
