<?xml version="1.0" encoding="UTF-8"?>
<!-- Generated by org.testng.reporters.JUnitReportReporter -->
<testsuite hostname="LAPTOP-52NJGNB2" failures="0" tests="2" name="tests.TC002" time="0.688" errors="0" timestamp="2023-07-11T05:03:52 PYT" skipped="0">
  <testcase classname="tests.TC002" name="testForPOST" time="0.434"/>
  <testcase classname="tests.TC002" name="testForGET" time="0.254"/>
</testsuite> <!-- tests.TC002 -->
