<?xml version="1.0" encoding="UTF-8"?>
<!-- Generated by org.testng.reporters.JUnitReportReporter -->
<testsuite hostname="LAPTOP-52NJGNB2" failures="0" tests="3" name="tests.TC003" time="1.596" errors="0" timestamp="2023-07-11T05:03:52 PYT" skipped="0">
  <testcase classname="tests.TC003" name="testForPUT" time="0.400"/>
  <testcase classname="tests.TC003" name="testForDELETE" time="0.388"/>
  <testcase classname="tests.TC003" name="testForPATCH" time="0.808"/>
</testsuite> <!-- tests.TC003 -->
