<?xml version="1.0" encoding="UTF-8"?>
<!-- Generated by org.testng.reporters.JUnitReportReporter -->
<testsuite hostname="LAPTOP-52NJGNB2" failures="0" tests="5" name="tests.TestsOnLocalAPI" time="13.089" errors="0" timestamp="2023-07-12T03:27:08 PYT" skipped="0">
  <testcase classname="tests.TestsOnLocalAPI" name="delete" time="4.831"/>
  <testcase classname="tests.TestsOnLocalAPI" name="put" time="2.048"/>
  <testcase classname="tests.TestsOnLocalAPI" name="post" time="2.077"/>
  <testcase classname="tests.TestsOnLocalAPI" name="get" time="2.062"/>
  <testcase classname="tests.TestsOnLocalAPI" name="patch" time="2.071"/>
</testsuite> <!-- tests.TestsOnLocalAPI -->
